{
  "RSpec": {
    "coverage": {
      "/Users/tonyfabery/programming/epicodus/fever/spec/features/log_in_page_spec.rb": [
        1,
        null,
        1,
        1,
        1,
        1,
        1,
        1,
        1,
        1,
        null,
        null,
        1,
        1,
        1,
        1,
        1,
        1,
        null,
        null,
        1,
        1,
        1,
        1,
        1,
        1,
        1,
        1,
        null,
        null
      ],
      "/Users/tonyfabery/programming/epicodus/fever/spec/rails_helper.rb": [
        null,
        1,
        1,
        null,
        1,
        1,
        1,
        null,
        1,
        1,
        null,
        null,
        null,
        null,
        null,
        null,
        null,
        null,
        null,
        null,
        null,
        null,
        null,
        null,
        null,
        null,
        null,
        null,
        null,
        1,
        null,
        1,
        null,
        1,
        null,
        null,
        null,
        null,
        1,
        null,
        null,
        null,
        null,
        null,
        null,
        null,
        null,
        null,
        null,
        null,
        null,
        null,
        null,
        1,
        null,
        null,
        1,
        null,
        null,
        null,
        null,
        1,
        1,
        1,
        1,
        null,
        null
      ],
      "/Users/tonyfabery/programming/epicodus/fever/config/environment.rb": [
        null,
        1,
        null,
        null,
        1
      ],
      "/Users/tonyfabery/programming/epicodus/fever/config/application.rb": [
        1,
        null,
        1,
        null,
        1,
        1,
        1,
        1,
        1,
        1,
        1,
        1,
        null,
        null,
        null,
        null,
        1,
        null,
        1,
        1,
        null,
        null,
        null,
        null,
        null
      ],
      "/Users/tonyfabery/programming/epicodus/fever/config/boot.rb": [
        1,
        null,
        1
      ],
      "/Users/tonyfabery/programming/epicodus/fever/config/environments/test.rb": [
        1,
        null,
        null,
        null,
        null,
        null,
        null,
        1,
        null,
        null,
        null,
        null,
        1,
        null,
        null,
        1,
        1,
        null,
        null,
        null,
        null,
        1,
        1,
        null,
        null,
        1,
        null,
        null,
        1,
        1,
        null,
        null,
        null,
        null,
        1,
        null,
        null,
        1,
        null,
        null,
        null,
        null
      ],
      "/Users/tonyfabery/programming/epicodus/fever/config/initializers/application_controller_renderer.rb": [
        null,
        null,
        null,
        null,
        null,
        null
      ],
      "/Users/tonyfabery/programming/epicodus/fever/config/initializers/assets.rb": [
        null,
        null,
        null,
        1,
        null,
        null,
        null,
        null,
        null,
        null,
        null
      ],
      "/Users/tonyfabery/programming/epicodus/fever/config/initializers/backtrace_silencers.rb": [
        null,
        null,
        null,
        null,
        null,
        null,
        null
      ],
      "/Users/tonyfabery/programming/epicodus/fever/config/initializers/cookies_serializer.rb": [
        null,
        null,
        null,
        null,
        1
      ],
      "/Users/tonyfabery/programming/epicodus/fever/config/initializers/filter_parameter_logging.rb": [
        null,
        null,
        null,
        1
      ],
      "/Users/tonyfabery/programming/epicodus/fever/config/initializers/inflections.rb": [
        null,
        null,
        null,
        null,
        null,
        null,
        null,
        null,
        null,
        null,
        null,
        null,
        null,
        null,
        null,
        null
      ],
      "/Users/tonyfabery/programming/epicodus/fever/config/initializers/mime_types.rb": [
        null,
        null,
        null,
        null
      ],
      "/Users/tonyfabery/programming/epicodus/fever/config/initializers/new_framework_defaults.rb": [
        null,
        null,
        null,
        null,
        null,
        null,
        null,
        1,
        null,
        null,
        1,
        null,
        null,
        null,
        1,
        null,
        null,
        1,
        null,
        null,
        1,
        null,
        null,
        1
      ],
      "/Users/tonyfabery/programming/epicodus/fever/config/initializers/session_store.rb": [
        null,
        null,
        1
      ],
      "/Users/tonyfabery/programming/epicodus/fever/config/initializers/wrap_parameters.rb": [
        null,
        null,
        null,
        null,
        null,
        null,
        1,
        2,
        null,
        null,
        null,
        null,
        null,
        null
      ],
      "/Users/tonyfabery/programming/epicodus/fever/app/channels/application_cable/channel.rb": [
        1,
        1,
        null,
        null
      ],
      "/Users/tonyfabery/programming/epicodus/fever/app/channels/application_cable/connection.rb": [
        1,
        1,
        null,
        null
      ],
      "/Users/tonyfabery/programming/epicodus/fever/app/controllers/application_controller.rb": [
        1,
        1,
        null,
        1,
        3,
        null,
        null,
        1,
        3,
        null,
        null,
        1,
        1,
        null
      ],
      "/Users/tonyfabery/programming/epicodus/fever/app/helpers/application_helper.rb": [
        1,
        null
      ],
      "/Users/tonyfabery/programming/epicodus/fever/app/controllers/comments_controller.rb": [
        1,
        1,
        0,
        null,
        null,
        1,
        0,
        0,
        null,
        null,
        1,
        0,
        0,
        null,
        null,
        1,
        0,
        0,
        0,
        0,
        0,
        0,
        0,
        null,
        0,
        null,
        null,
        null,
        1,
        0,
        0,
        null,
        null,
        1,
        0,
        0,
        0,
        0,
        0,
        null,
        0,
        null,
        null,
        null,
        1,
        0,
        0,
        0,
        0,
        null,
        null,
        1,
        1,
        0,
        null,
        null
      ],
      "/Users/tonyfabery/programming/epicodus/fever/app/controllers/posts_controller.rb": [
        1,
        1,
        0,
        null,
        null,
        1,
        0,
        0,
        null,
        null,
        1,
        0,
        0,
        null,
        null,
        1,
        0,
        0,
        0,
        0,
        0,
        null,
        0,
        null,
        null,
        null,
        1,
        0,
        null,
        null,
        1,
        0,
        0,
        0,
        0,
        null,
        0,
        null,
        null,
        null,
        1,
        0,
        0,
        0,
        0,
        null,
        null,
        1,
        1,
        0,
        null,
        null
      ],
      "/Users/tonyfabery/programming/epicodus/fever/app/controllers/sessions_controller.rb": [
        1,
        1,
        null,
        null,
        1,
        3,
        3,
        2,
        2,
        2,
        null,
        1,
        1,
        null,
        null,
        null,
        1,
        1,
        1,
        1,
        null,
        null
      ],
      "/Users/tonyfabery/programming/epicodus/fever/app/controllers/users_controller.rb": [
        1,
        1,
        3,
        3,
        null,
        null,
        1,
        0,
        null,
        null,
        1,
        0,
        0,
        0,
        0,
        null,
        0,
        null,
        null,
        null,
        1,
        1,
        0,
        null,
        null
      ],
      "/Users/tonyfabery/programming/epicodus/fever/app/jobs/application_job.rb": [
        1,
        null
      ],
      "/Users/tonyfabery/programming/epicodus/fever/app/mailers/application_mailer.rb": [
        1,
        1,
        1,
        null
      ],
      "/Users/tonyfabery/programming/epicodus/fever/app/models/application_record.rb": [
        1,
        1,
        null
      ],
      "/Users/tonyfabery/programming/epicodus/fever/app/models/comment.rb": [
        1,
        1,
        1,
        1,
        null
      ],
      "/Users/tonyfabery/programming/epicodus/fever/app/models/post.rb": [
        1,
        1,
        1,
        1,
        null
      ],
      "/Users/tonyfabery/programming/epicodus/fever/app/models/user.rb": [
        1,
        1,
        1,
        1,
        1,
        1,
        null,
        1,
        null,
        1,
        2,
        2,
        null,
        null,
        1,
        3,
        3,
        2,
        null,
        null,
        null,
        null,
        null
      ],
      "/Users/tonyfabery/programming/epicodus/fever/spec/factories.rb": [
        1,
        1,
        1,
        1,
        null,
        null
      ],
      "/Users/tonyfabery/programming/epicodus/fever/config/routes.rb": [
        1,
        1,
        null,
        1,
        1,
        null,
        null,
        1,
        1,
        null,
        null,
        1,
        1,
        1,
        null
      ],
      "/Users/tonyfabery/programming/epicodus/fever/spec/models/user_spec.rb": [
        1,
        null,
        1,
        2,
        2,
        null
      ]
    },
    "timestamp": 1474316377
  }
}
